<?xml version="1.0" encoding="UTF-8" ?>
<testsuite failures="0" time="0.005" errors="0" skipped="0" tests="1" name="testes.SolicitacaoTest">
  <properties>
    <property name="java.runtime.name" value="Java(TM) SE Runtime Environment"/>
    <property name="sun.boot.library.path" value="/usr/java/jdk1.7.0_04/jre/lib/i386"/>
    <property name="java.vm.version" value="23.0-b21"/>
    <property name="java.vm.vendor" value="Oracle Corporation"/>
    <property name="java.vendor.url" value="http://java.oracle.com/"/>
    <property name="path.separator" value=":"/>
    <property name="java.vm.name" value="Java HotSpot(TM) Client VM"/>
    <property name="file.encoding.pkg" value="sun.io"/>
    <property name="user.country" value="BR"/>
    <property name="sun.java.launcher" value="SUN_STANDARD"/>
    <property name="sun.os.patch.level" value="unknown"/>
    <property name="java.vm.specification.name" value="Java Virtual Machine Specification"/>
    <property name="user.dir" value="/home/bellezeta/git/si1Project"/>
    <property name="java.runtime.version" value="1.7.0_04-b20"/>
    <property name="java.awt.graphicsenv" value="sun.awt.X11GraphicsEnvironment"/>
    <property name="basedir" value="/home/bellezeta/git/si1Project"/>
    <property name="java.endorsed.dirs" value="/usr/java/jdk1.7.0_04/jre/lib/endorsed"/>
    <property name="os.arch" value="i386"/>
    <property name="surefire.real.class.path" value="/home/bellezeta/git/si1Project/target/surefire/surefirebooter6936770715726708309.jar"/>
    <property name="java.io.tmpdir" value="/tmp"/>
    <property name="line.separator" value="
"/>
    <property name="java.vm.specification.vendor" value="Oracle Corporation"/>
    <property name="os.name" value="Linux"/>
    <property name="sun.jnu.encoding" value="UTF-8"/>
    <property name="java.library.path" value="/usr/java/jdk1.7.0_04/jre/lib/i386/client:/usr/java/jdk1.7.0_04/jre/lib/i386:/usr/java/jdk1.7.0_04/jre/../lib/i386:/usr/lib/jvm/java-1.6.0-openjdk-1.6.0/jre/lib/i386/client:/usr/lib/jvm/java-1.6.0-openjdk-1.6.0/jre/lib/i386:/usr/lib/mpi/gcc/openmpi/lib:/usr/java/packages/lib/i386:/lib:/usr/lib"/>
    <property name="surefire.test.class.path" value="/home/bellezeta/git/si1Project/target/test-classes:/home/bellezeta/git/si1Project/target/classes:/home/bellezeta/.m2/repository/org/jdom/jdom/2.0.0/jdom-2.0.0.jar:/home/bellezeta/.m2/repository/ufcg/edu/br/easyaccept/1.0.0/easyaccept-1.0.0.jar:/home/bellezeta/.m2/repository/junit/junit/4.8.2/junit-4.8.2.jar:"/>
    <property name="java.specification.name" value="Java Platform API Specification"/>
    <property name="java.class.version" value="51.0"/>
    <property name="sun.management.compiler" value="HotSpot Client Compiler"/>
    <property name="os.version" value="2.6.37.1-1.2-desktop"/>
    <property name="user.home" value="/home/bellezeta"/>
    <property name="user.timezone" value="America/Recife"/>
    <property name="java.awt.printerjob" value="sun.print.PSPrinterJob"/>
    <property name="file.encoding" value="UTF-8"/>
    <property name="java.specification.version" value="1.7"/>
    <property name="user.name" value="bellezeta"/>
    <property name="java.class.path" value="/home/bellezeta/git/si1Project/target/test-classes:/home/bellezeta/git/si1Project/target/classes:/home/bellezeta/.m2/repository/org/jdom/jdom/2.0.0/jdom-2.0.0.jar:/home/bellezeta/.m2/repository/ufcg/edu/br/easyaccept/1.0.0/easyaccept-1.0.0.jar:/home/bellezeta/.m2/repository/junit/junit/4.8.2/junit-4.8.2.jar:"/>
    <property name="java.vm.specification.version" value="1.7"/>
    <property name="sun.arch.data.model" value="32"/>
    <property name="java.home" value="/usr/java/jdk1.7.0_04/jre"/>
    <property name="sun.java.command" value="/home/bellezeta/git/si1Project/target/surefire/surefirebooter6936770715726708309.jar /home/bellezeta/git/si1Project/target/surefire/surefire8435090326371214024tmp /home/bellezeta/git/si1Project/target/surefire/surefire8369861971693955568tmp"/>
    <property name="java.specification.vendor" value="Oracle Corporation"/>
    <property name="user.language" value="pt"/>
    <property name="awt.toolkit" value="sun.awt.X11.XToolkit"/>
    <property name="java.vm.info" value="mixed mode, sharing"/>
    <property name="java.version" value="1.7.0_04"/>
    <property name="java.ext.dirs" value="/usr/java/jdk1.7.0_04/jre/lib/ext:/usr/java/packages/lib/ext"/>
    <property name="sun.boot.class.path" value="/usr/java/jdk1.7.0_04/jre/lib/resources.jar:/usr/java/jdk1.7.0_04/jre/lib/rt.jar:/usr/java/jdk1.7.0_04/jre/lib/sunrsasign.jar:/usr/java/jdk1.7.0_04/jre/lib/jsse.jar:/usr/java/jdk1.7.0_04/jre/lib/jce.jar:/usr/java/jdk1.7.0_04/jre/lib/charsets.jar:/usr/java/jdk1.7.0_04/jre/lib/jfr.jar:/usr/java/jdk1.7.0_04/jre/classes"/>
    <property name="java.vendor" value="Oracle Corporation"/>
    <property name="localRepository" value="/home/bellezeta/.m2/repository"/>
    <property name="file.separator" value="/"/>
    <property name="java.vendor.url.bug" value="http://bugreport.sun.com/bugreport/"/>
    <property name="sun.cpu.endian" value="little"/>
    <property name="sun.io.unicode.encoding" value="UnicodeLittle"/>
    <property name="sun.cpu.isalist" value=""/>
  </properties>
  <testcase time="0.003" classname="testes.SolicitacaoTest" name="testaCriacao"/>
</testsuite>